TN:
SF:resources\js\components.js
FN:9,registerComponent
FN:13,initComponents
FN:14,(anonymous_2)
FN:23,constructor
FN:28,init
FN:30,on
FN:31,(anonymous_6)
FN:38,find
FN:42,findAll
FN:48,init_2
FN:54,(anonymous_10)
FN:57,(anonymous_11)
FN:61,open
FN:66,close
FN:73,init_3
FN:78,(anonymous_15)
FN:84,(anonymous_16)
FN:89,toggle
FN:95,init_4
FN:99,(anonymous_19)
FN:100,(anonymous_20)
FN:107,switchTab
FN:108,(anonymous_22)
FN:111,(anonymous_23)
FN:118,init_5
FN:121,(anonymous_25)
FN:126,(anonymous_26)
FN:128,(anonymous_27)
FN:141,init_6
FN:144,(anonymous_29)
FN:145,(anonymous_30)
FN:149,show
FN:162,hide
FN:169,init_7
FN:171,(anonymous_34)
FN:172,(anonymous_35)
FN:183,init_8
FN:185,(anonymous_37)
FN:186,(anonymous_38)
FN:188,(anonymous_39)
FN:195,init_9
FN:200,(anonymous_41)
FN:201,(anonymous_42)
FN:204,handleSubmit
FN:208,(anonymous_44)
FN:241,handleBlur
FN:267,showFieldError
FN:277,clearFieldError
FN:285,init_10
FN:288,(anonymous_49)
FN:300,init_11
FN:306,(anonymous_51)
FN:310,filter
FN:313,(anonymous_53)
FNF:54
FNH:0
FNDA:0,registerComponent
FNDA:0,initComponents
FNDA:0,(anonymous_2)
FNDA:0,constructor
FNDA:0,init
FNDA:0,on
FNDA:0,(anonymous_6)
FNDA:0,find
FNDA:0,findAll
FNDA:0,init_2
FNDA:0,(anonymous_10)
FNDA:0,(anonymous_11)
FNDA:0,open
FNDA:0,close
FNDA:0,init_3
FNDA:0,(anonymous_15)
FNDA:0,(anonymous_16)
FNDA:0,toggle
FNDA:0,init_4
FNDA:0,(anonymous_19)
FNDA:0,(anonymous_20)
FNDA:0,switchTab
FNDA:0,(anonymous_22)
FNDA:0,(anonymous_23)
FNDA:0,init_5
FNDA:0,(anonymous_25)
FNDA:0,(anonymous_26)
FNDA:0,(anonymous_27)
FNDA:0,init_6
FNDA:0,(anonymous_29)
FNDA:0,(anonymous_30)
FNDA:0,show
FNDA:0,hide
FNDA:0,init_7
FNDA:0,(anonymous_34)
FNDA:0,(anonymous_35)
FNDA:0,init_8
FNDA:0,(anonymous_37)
FNDA:0,(anonymous_38)
FNDA:0,(anonymous_39)
FNDA:0,init_9
FNDA:0,(anonymous_41)
FNDA:0,(anonymous_42)
FNDA:0,handleSubmit
FNDA:0,(anonymous_44)
FNDA:0,handleBlur
FNDA:0,showFieldError
FNDA:0,clearFieldError
FNDA:0,init_10
FNDA:0,(anonymous_49)
FNDA:0,init_11
FNDA:0,(anonymous_51)
FNDA:0,filter
FNDA:0,(anonymous_53)
DA:7,0
DA:10,0
DA:14,0
DA:15,0
DA:16,0
DA:17,0
DA:24,0
DA:25,0
DA:31,0
DA:32,0
DA:33,0
DA:39,0
DA:43,0
DA:49,0
DA:50,0
DA:51,0
DA:53,0
DA:54,0
DA:56,0
DA:57,0
DA:62,0
DA:63,0
DA:67,0
DA:68,0
DA:74,0
DA:75,0
DA:77,0
DA:78,0
DA:79,0
DA:80,0
DA:84,0
DA:85,0
DA:90,0
DA:96,0
DA:97,0
DA:99,0
DA:100,0
DA:101,0
DA:102,0
DA:108,0
DA:109,0
DA:111,0
DA:112,0
DA:119,0
DA:121,0
DA:122,0
DA:123,0
DA:125,0
DA:126,0
DA:127,0
DA:128,0
DA:129,0
DA:131,0
DA:132,0
DA:142,0
DA:143,0
DA:144,0
DA:145,0
DA:150,0
DA:151,0
DA:152,0
DA:153,0
DA:154,0
DA:155,0
DA:157,0
DA:158,0
DA:159,0
DA:163,0
DA:164,0
DA:170,0
DA:171,0
DA:172,0
DA:173,0
DA:174,0
DA:175,0
DA:184,0
DA:185,0
DA:186,0
DA:187,0
DA:188,0
DA:196,0
DA:197,0
DA:198,0
DA:200,0
DA:201,0
DA:205,0
DA:206,0
DA:208,0
DA:209,0
DA:210,0
DA:212,0
DA:213,0
DA:214,0
DA:216,0
DA:217,0
DA:218,0
DA:219,0
DA:220,0
DA:221,0
DA:222,0
DA:223,0
DA:226,0
DA:227,0
DA:228,0
DA:229,0
DA:231,0
DA:236,0
DA:237,0
DA:242,0
DA:243,0
DA:244,0
DA:245,0
DA:247,0
DA:248,0
DA:249,0
DA:250,0
DA:251,0
DA:252,0
DA:253,0
DA:254,0
DA:256,0
DA:259,0
DA:260,0
DA:262,0
DA:268,0
DA:269,0
DA:270,0
DA:271,0
DA:272,0
DA:273,0
DA:274,0
DA:278,0
DA:279,0
DA:280,0
DA:286,0
DA:287,0
DA:288,0
DA:289,0
DA:290,0
DA:291,0
DA:292,0
DA:301,0
DA:302,0
DA:303,0
DA:305,0
DA:306,0
DA:311,0
DA:312,0
DA:313,0
DA:314,0
DA:315,0
DA:321,0
DA:322,0
DA:323,0
DA:324,0
DA:325,0
DA:326,0
DA:327,0
DA:328,0
DA:329,0
DA:330,0
DA:332,0
LF:162
LH:0
BRDA:16,0,0,0
BRDA:16,0,1,0
BRDA:32,1,0,0
BRDA:32,1,1,0
BRDA:53,2,0,0
BRDA:53,2,1,0
BRDA:56,3,0,0
BRDA:56,3,1,0
BRDA:77,4,0,0
BRDA:77,4,1,0
BRDA:85,5,0,0
BRDA:85,5,1,0
BRDA:125,6,0,0
BRDA:125,6,1,0
BRDA:125,7,0,0
BRDA:125,7,1,0
BRDA:131,8,0,0
BRDA:131,8,1,0
BRDA:143,9,0,0
BRDA:143,9,1,0
BRDA:164,10,0,0
BRDA:164,10,1,0
BRDA:173,11,0,0
BRDA:173,11,1,0
BRDA:174,12,0,0
BRDA:174,12,1,0
BRDA:209,13,0,0
BRDA:209,13,1,0
BRDA:216,14,0,0
BRDA:216,14,1,0
BRDA:216,15,0,0
BRDA:216,15,1,0
BRDA:218,16,0,0
BRDA:218,16,1,0
BRDA:218,17,0,0
BRDA:218,17,1,0
BRDA:218,17,2,0
BRDA:220,18,0,0
BRDA:220,18,1,0
BRDA:220,19,0,0
BRDA:220,19,1,0
BRDA:220,19,2,0
BRDA:222,20,0,0
BRDA:222,20,1,0
BRDA:222,21,0,0
BRDA:222,21,1,0
BRDA:222,21,2,0
BRDA:226,22,0,0
BRDA:226,22,1,0
BRDA:236,23,0,0
BRDA:236,23,1,0
BRDA:242,24,0,0
BRDA:242,24,1,0
BRDA:242,25,0,0
BRDA:242,25,1,0
BRDA:242,25,2,0
BRDA:243,26,0,0
BRDA:243,26,1,0
BRDA:249,27,0,0
BRDA:249,27,1,0
BRDA:249,28,0,0
BRDA:249,28,1,0
BRDA:251,29,0,0
BRDA:251,29,1,0
BRDA:251,30,0,0
BRDA:251,30,1,0
BRDA:251,30,2,0
BRDA:253,31,0,0
BRDA:253,31,1,0
BRDA:253,32,0,0
BRDA:253,32,1,0
BRDA:253,32,2,0
BRDA:256,33,0,0
BRDA:256,33,1,0
BRDA:259,34,0,0
BRDA:259,34,1,0
BRDA:280,35,0,0
BRDA:280,35,1,0
BRDA:287,36,0,0
BRDA:287,36,1,0
BRDA:291,37,0,0
BRDA:291,37,1,0
BRDA:305,38,0,0
BRDA:305,38,1,0
BRDA:315,39,0,0
BRDA:315,39,1,0
BRF:86
BRH:0
end_of_record
TN:
SF:resources\js\unified.js
FN:10,(anonymous_0)
FN:18,(anonymous_1)
FN:19,(anonymous_2)
FN:21,(anonymous_3)
FN:26,(anonymous_4)
FN:27,(anonymous_5)
FN:37,(anonymous_6)
FN:38,(anonymous_7)
FN:52,request
FN:66,toast
FN:72,(anonymous_10)
FN:74,(anonymous_11)
FN:78,toastClass
FN:91,formatNumber
FN:98,formatDate
FN:109,timeAgo
FN:130,confirm
FN:137,copyToClipboard
FN:157,setLoading
FN:171,filterTable
FN:174,(anonymous_20)
FN:183,initCharCounter
FN:188,(anonymous_22)
FN:198,showTooltip
FN:211,hideTooltip
FNF:25
FNH:0
FNDA:0,(anonymous_0)
FNDA:0,(anonymous_1)
FNDA:0,(anonymous_2)
FNDA:0,(anonymous_3)
FNDA:0,(anonymous_4)
FNDA:0,(anonymous_5)
FNDA:0,(anonymous_6)
FNDA:0,(anonymous_7)
FNDA:0,request
FNDA:0,toast
FNDA:0,(anonymous_10)
FNDA:0,(anonymous_11)
FNDA:0,toastClass
FNDA:0,formatNumber
FNDA:0,formatDate
FNDA:0,timeAgo
FNDA:0,confirm
FNDA:0,copyToClipboard
FNDA:0,setLoading
FNDA:0,filterTable
FNDA:0,(anonymous_20)
FNDA:0,initCharCounter
FNDA:0,(anonymous_22)
FNDA:0,showTooltip
FNDA:0,hideTooltip
DA:4,0
DA:7,0
DA:10,0
DA:12,0
DA:13,0
DA:17,0
DA:18,0
DA:19,0
DA:20,0
DA:21,0
DA:26,0
DA:27,0
DA:28,0
DA:29,0
DA:35,0
DA:36,0
DA:37,0
DA:38,0
DA:39,0
DA:46,0
DA:48,0
DA:53,0
DA:60,0
DA:67,0
DA:68,0
DA:69,0
DA:70,0
DA:72,0
DA:73,0
DA:74,0
DA:79,0
DA:85,0
DA:92,0
DA:99,0
DA:110,0
DA:111,0
DA:118,0
DA:119,0
DA:120,0
DA:121,0
DA:124,0
DA:131,0
DA:138,0
DA:139,0
DA:140,0
DA:142,0
DA:143,0
DA:144,0
DA:145,0
DA:146,0
DA:147,0
DA:148,0
DA:149,0
DA:150,0
DA:158,0
DA:159,0
DA:160,0
DA:161,0
DA:163,0
DA:164,0
DA:172,0
DA:173,0
DA:174,0
DA:175,0
DA:176,0
DA:184,0
DA:185,0
DA:186,0
DA:188,0
DA:189,0
DA:190,0
DA:192,0
DA:193,0
DA:199,0
DA:200,0
DA:201,0
DA:202,0
DA:203,0
DA:204,0
DA:206,0
DA:207,0
DA:208,0
DA:212,0
DA:213,0
LF:84
LH:0
BRDA:12,0,0,0
BRDA:12,0,1,0
BRDA:28,1,0,0
BRDA:28,1,1,0
BRDA:28,2,0,0
BRDA:28,2,1,0
BRDA:36,3,0,0
BRDA:36,3,1,0
BRDA:52,4,0,0
BRDA:66,5,0,0
BRDA:85,6,0,0
BRDA:85,6,1,0
BRDA:120,7,0,0
BRDA:120,7,1,0
BRDA:121,8,0,0
BRDA:121,8,1,0
BRDA:131,9,0,0
BRDA:131,9,1,0
BRDA:157,10,0,0
BRDA:158,11,0,0
BRDA:158,11,1,0
BRDA:164,12,0,0
BRDA:164,12,1,0
BRDA:176,13,0,0
BRDA:176,13,1,0
BRDA:183,14,0,0
BRDA:186,15,0,0
BRDA:186,15,1,0
BRDA:186,16,0,0
BRDA:186,16,1,0
BRDA:190,17,0,0
BRDA:190,17,1,0
BRDA:213,18,0,0
BRDA:213,18,1,0
BRF:34
BRH:0
end_of_record
